Arguments: 
  C:\Program Files\nodejs\node.exe C:\Users\mexic_000\AppData\Roaming\npm\node_modules\yarn\bin\yarn.js install

PATH: 
  C:\Users\mexic_000\bin;C:\Users\Lokesh\AppData\Local\Programs\Git\mingw64\bin;C:\Users\Lokesh\AppData\Local\Programs\Git\usr\local\bin;C:\Users\Lokesh\AppData\Local\Programs\Git\usr\bin;C:\Users\Lokesh\AppData\Local\Programs\Git\usr\bin;C:\Users\Lokesh\AppData\Local\Programs\Git\cmd;C:\Users\Lokesh\Downloads\Compressed\ConEmuPack.160301\ConEmu\Scripts;C:\Users\Lokesh\Downloads\Compressed\ConEmuPack.160301;C:\Users\Lokesh\Downloads\Compressed\ConEmuPack.160301\ConEmu;C:\oraclexe\app\oracle\product\11.2.0\server\jdbc\lib;C:\Program Files\MySQL\MySQL Utilities 1.6;C:\Program Files\OpenVPN\bin;C:\Windows\System32;C:\Program Files\nodejs;C:\Users\mexic_000\AppData\Local\Programs\Python\Python35-32\Scripts;C:\Users\mexic_000\AppData\Local\Programs\Python\Python35-32;H:\lokesh\Microsoft VS Code\bin;C:\Users\mexic_000\AppData\Local\atom\bin;C:\Users\mexic_000\AppData\Roaming\npm;C:\Users\Lokesh\AppData\Local\Programs\Git\usr\bin\vendor_perl;C:\Users\Lokesh\AppData\Local\Programs\Git\usr\bin\core_perl

Yarn version: 
  0.22.0

Node version: 
  6.11.0

Platform: 
  win32 x64

npm manifest: 
  {
    "name": "ngx-choosy",
    "version": "0.0.0",
    "license": "MIT",
    "scripts": {
      "ng": "ng",
      "start": "ng serve",
      "build": "ng build",
      "test": "ng test",
      "lint": "ng lint",
      "e2e": "ng e2e"
    },
    "private": true,
    "dependencies": {
      "@angular/animations": "^4.0.0",
      "@angular/common": "^4.0.0",
      "@angular/compiler": "^4.0.0",
      "@angular/core": "^4.0.0",
      "@angular/forms": "^4.0.0",
      "@angular/http": "^4.0.0",
      "@angular/platform-browser": "^4.0.0",
      "@angular/platform-browser-dynamic": "^4.0.0",
      "@angular/router": "^4.0.0",
      "core-js": "^2.4.1",
      "rxjs": "^5.1.0",
      "zone.js": "^0.8.4"
    },
    "devDependencies": {
      "@angular/cli": "1.1.3",
      "@angular/compiler-cli": "^4.0.0",
      "@angular/language-service": "^4.0.0",
      "@types/jasmine": "2.5.45",
      "@types/node": "~6.0.60",
      "codelyzer": "~3.0.1",
      "jasmine-core": "~2.6.2",
      "jasmine-spec-reporter": "~4.1.0",
      "karma": "~1.7.0",
      "karma-chrome-launcher": "~2.1.1",
      "karma-cli": "~1.0.1",
      "karma-coverage-istanbul-reporter": "^1.2.1",
      "karma-jasmine": "~1.1.0",
      "karma-jasmine-html-reporter": "^0.2.2",
      "protractor": "~5.1.2",
      "ts-node": "~3.0.4",
      "tslint": "~5.3.2",
      "typescript": "~2.3.3"
    }
  }

yarn manifest: 
  No manifest

Lockfile: 
  No lockfile

Trace: 
  Error: getaddrinfo ENOENT registry.yarnpkg.com:443
      at Object.exports._errnoException (util.js:1018:11)
      at errnoException (dns.js:33:15)
      at GetAddrInfoReqWrap.onlookup [as oncomplete] (dns.js:76:26)
